-------------------------------------------------------------------------------
Test set: SigninTest
-------------------------------------------------------------------------------
Tests run: 4, Failures: 1, Errors: 0, Skipped: 0, Time elapsed: 0.005 s <<< FAILURE! - in SigninTest
testSigninSuccess  Time elapsed: 0.001 s  <<< FAILURE!
org.opentest4j.AssertionFailedError: El registro debería ser exitoso con datos válidos. ==> expected: <true> but was: <false>
	at SigninTest.testSigninSuccess(SigninTest.java:19)

